#
# A fatal error has been detected by the Java Runtime Environment:
#
#  SIGBUS (0xa) at pc=0x00000001107e23dc, pid=18176, tid=0x0000000000004d03
#
# JRE version: Java(TM) SE Runtime Environment (8.0_191-b12) (build 1.8.0_191-b12)
# Java VM: Java HotSpot(TM) 64-Bit Server VM (25.191-b12 mixed mode bsd-amd64 compressed oops)
# Problematic frame:
# V  [libjvm.dylib+0x1e23dc]  ConstantPool::impl_name_and_type_ref_index_at(int, bool)+0x4c
#
# Failed to write core dump. Core dumps have been disabled. To enable core dumping, try "ulimit -c unlimited" before starting Java again
#
# If you would like to submit a bug report, please visit:
#   http://bugreport.java.com/bugreport/crash.jsp
#

---------------  T H R E A D  ---------------

Current thread (0x00007fd9be00a800):  VMThread [stack: 0x000070000b157000,0x000070000b257000] [id=19715]

siginfo: si_signo: 10 (SIGBUS), si_code: 2 (BUS_ADRERR), si_addr: 0x000000012abf6910

Registers:
RAX=0x000000012aa628e0, RBX=0x000000012aa62278, RCX=0x0000000000194020, RDX=0x0000000000000000
RSP=0x000070000b256130, RBP=0x000070000b256130, RSI=0x000000000000ca01, RDI=0x000000012aa62278
R8 =0x000000000000000a, R9 =0x000000008a000000, R10=0x00000000fffc7fff, R11=0xffffffffffffffc0
R12=0x000070000b2565e8, R13=0x000000012aa625c8, R14=0x0000000000000000, R15=0x000070000b256798
RIP=0x00000001107e23dc, EFLAGS=0x0000000000010202, ERR=0x0000000000000004
  TRAPNO=0x000000000000000e

Top of Stack: (sp=0x000070000b256130)
0x000070000b256130:   000070000b256150 00000001107e2402
0x000070000b256140:   0000000000000000 000000000000000a
0x000070000b256150:   000070000b2565d0 000000011088886c
0x000070000b256160:   000070000b256190 0000000110e2a1c0
0x000070000b256170:   00007fd9be974480 0000000000000007
0x000070000b256180:   000070000000000a 000070000b256198
0x000070000b256190:   0000700000000005 4fffffff4fffffff
0x000070000b2561a0:   2fffffff2fffffff 000070002fffffff
0x000070000b2561b0:   000070000b2561d0 0000000000000000
0x000070000b2561c0:   00007fd9bc40eb60 00007fd9be804cd0
0x000070000b2561d0:   000070000b256210 0000000110a8488e
0x000070000b2561e0:   00007fd9bc40eb70 0000000000000000
0x000070000b2561f0:   000000004fffffff 000000012aa625c8
0x000070000b256200:   000070000b256798 000070000b256798
0x000070000b256210:   000070000b256230 00000001108879df
0x000070000b256220:   0000000000000000 000070000b256274
0x000070000b256230:   000070000b256280 00007fff6e3086c1
0x000070000b256240:   000070000b256360 0000000110e2a1c0
0x000070000b256250:   0000000000000000 0000000000000000
0x000070000b256260:   0000000000000029 0000000000000000
0x000070000b256270:   00000000fffffffe 0000000110c0ab66
0x000070000b256280:   000070000b256610 00007fff6e31253b
0x000070000b256290:   000070000b256330 00007fff6e436297
0x000070000b2562a0:   0000000000000000 0000000000000000
0x000070000b2562b0:   000070000b25ffff 00000001108889a3
0x000070000b2562c0:   0000000000000000 0000000110e2a1c0
0x000070000b2562d0:   00007fd9be974480 000070000b256710
0x000070000b2562e0:   0000000000000001 00007fff6e350f99
0x000070000b2562f0:   0000000000000001 0000000000000000
0x000070000b256300:   0000000000000001 0000000000000218
0x000070000b256310:   0000000110c0ab45 0000000000000000
0x000070000b256320:   0000000000000000 000000010f473000 

Instructions: (pc=0x00000001107e23dc)
0x00000001107e23bc:   63 ce 48 c1 e1 05 ba ff ff 00 00 48 23 54 08 10
0x00000001107e23cc:   8b 44 d7 50 c1 e8 10 5d c3 48 63 ce 48 c1 e1 05
0x00000001107e23dc:   48 8b 4c 08 10 0f b7 f1 48 63 c6 8b 44 c7 50 eb
0x00000001107e23ec:   e3 90 55 48 89 e5 53 48 83 ec 08 48 89 fb 48 89 

Register to memory mapping:

RAX=0x000000012aa628e0 is pointing into metadata
RBX=0x000000012aa62278 is pointing into metadata
RCX=0x0000000000194020 is an unknown value
RDX=0x0000000000000000 is an unknown value
RSP=0x000070000b256130 is an unknown value
RBP=0x000070000b256130 is an unknown value
RSI=0x000000000000ca01 is an unknown value
RDI=0x000000012aa62278 is pointing into metadata
R8 =0x000000000000000a is an unknown value
R9 =0x000000008a000000 is an unknown value
R10=0x00000000fffc7fff is an unknown value
R11=0xffffffffffffffc0 is an unknown value
R12=0x000070000b2565e8 is an unknown value
R13={method} {0x000000012aa625c8} 'findKthLargest' '([II)I' in 'review/_215'
R14=0x0000000000000000 is an unknown value
R15=0x000070000b256798 is an unknown value


Stack: [0x000070000b157000,0x000070000b257000],  sp=0x000070000b256130,  free space=1020k
Native frames: (J=compiled Java code, j=interpreted, Vv=VM code, C=native code)
V  [libjvm.dylib+0x1e23dc]  ConstantPool::impl_name_and_type_ref_index_at(int, bool)+0x4c
V  [libjvm.dylib+0x1e2402]  ConstantPool::impl_signature_ref_at(int, bool)+0x14
V  [libjvm.dylib+0x28886c]  GenerateOopMap::do_method(int, int, int, int)+0x30
V  [libjvm.dylib+0x28a530]  GenerateOopMap::interp_bb(BasicBlock*)+0x104
V  [libjvm.dylib+0x28a77f]  GenerateOopMap::interp_all()+0x31
V  [libjvm.dylib+0x28ad16]  GenerateOopMap::do_interpretation()+0x44
V  [libjvm.dylib+0x28b12f]  GenerateOopMap::compute_map(Thread*)+0x1fb
V  [libjvm.dylib+0x48506d]  OopMapForCacheEntry::compute_map(Thread*)+0x8f
V  [libjvm.dylib+0x485276]  OopMapCacheEntry::fill(methodHandle, int)+0x19e
V  [libjvm.dylib+0x485457]  OopMapCache::compute_one_oop_map(methodHandle, int, InterpreterOopMap*)+0x16b
V  [libjvm.dylib+0x48570e]  OopMapCache::lookup(methodHandle, int, InterpreterOopMap*) const+0x25c
V  [libjvm.dylib+0x2c2848]  InstanceKlass::mask_for(methodHandle, int, InterpreterOopMap*)+0xd2
V  [libjvm.dylib+0x452da9]  Method::mask_for(int, InterpreterOopMap*)+0xb3
V  [libjvm.dylib+0x39ad03]  VM_GetOrSetLocal::doit()+0x47
V  [libjvm.dylib+0x5bd259]  VM_Operation::evaluate()+0x4f
V  [libjvm.dylib+0x5bb7f1]  VMThread::evaluate_operation(VM_Operation*)+0xdf
V  [libjvm.dylib+0x5bbc3e]  VMThread::loop()+0x328
V  [libjvm.dylib+0x5bb55d]  VMThread::run()+0x79
V  [libjvm.dylib+0x48e0be]  java_start(Thread*)+0xf6
C  [libsystem_pthread.dylib+0x6109]  _pthread_start+0x94
C  [libsystem_pthread.dylib+0x1b8b]  thread_start+0xf

VM_Operation (0x000070000b768a18): GetOrSetLocal, mode: safepoint, requested by thread 0x00007fd9c200e800


---------------  P R O C E S S  ---------------

Java Threads: ( => current thread )
  0x00007fd9bd817800 JavaThread "Service Thread" daemon [_thread_blocked, id=43011, stack(0x000070000bd7e000,0x000070000be7e000)]
  0x00007fd9bf80b800 JavaThread "C1 CompilerThread3" daemon [_thread_blocked, id=21763, stack(0x000070000bc7b000,0x000070000bd7b000)]
  0x00007fd9c2809000 JavaThread "C2 CompilerThread2" daemon [_thread_blocked, id=15875, stack(0x000070000bb78000,0x000070000bc78000)]
  0x00007fd9c2808800 JavaThread "C2 CompilerThread1" daemon [_thread_blocked, id=15363, stack(0x000070000ba75000,0x000070000bb75000)]
  0x00007fd9bc89e800 JavaThread "C2 CompilerThread0" daemon [_thread_blocked, id=14851, stack(0x000070000b972000,0x000070000ba72000)]
  0x00007fd9c200f000 JavaThread "JDWP Command Reader" daemon [_thread_in_native, id=14595, stack(0x000070000b86f000,0x000070000b96f000)]
  0x00007fd9bd009000 JavaThread "JDWP Event Helper Thread" daemon [_thread_blocked, id=14083, stack(0x000070000b76c000,0x000070000b86c000)]
  0x00007fd9c200e800 JavaThread "JDWP Transport Listener: dt_socket" daemon [_thread_blocked, id=16903, stack(0x000070000b669000,0x000070000b769000)]
  0x00007fd9bd812800 JavaThread "Signal Dispatcher" daemon [_thread_blocked, id=17411, stack(0x000070000b566000,0x000070000b666000)]
  0x00007fd9bf019800 JavaThread "Finalizer" daemon [_thread_blocked, id=12035, stack(0x000070000b35d000,0x000070000b45d000)]
  0x00007fd9bd80f800 JavaThread "Reference Handler" daemon [_thread_blocked, id=11779, stack(0x000070000b25a000,0x000070000b35a000)]
  0x00007fd9bf00a800 JavaThread "main" [_thread_blocked, id=3843, stack(0x000070000a83c000,0x000070000a93c000)]

Other Threads:
=>0x00007fd9be00a800 VMThread [stack: 0x000070000b157000,0x000070000b257000] [id=19715]
  0x00007fd9bd017800 WatcherThread [stack: 0x000070000be81000,0x000070000bf81000] [id=42499]

VM state:at safepoint (normal execution)

VM Mutex/Monitor currently owned by a thread:  ([mutex/lock_event])
[0x00007fd9bc7077e0] Threads_lock - owner thread: 0x00007fd9be00a800

Heap:
 PSYoungGen      total 76288K, used 3955K [0x000000076ab00000, 0x0000000770000000, 0x00000007c0000000)
  eden space 65536K, 6% used [0x000000076ab00000,0x000000076aedce28,0x000000076eb00000)
  from space 10752K, 0% used [0x000000076f580000,0x000000076f580000,0x0000000770000000)
  to   space 10752K, 0% used [0x000000076eb00000,0x000000076eb00000,0x000000076f580000)
 ParOldGen       total 175104K, used 0K [0x00000006c0000000, 0x00000006cab00000, 0x000000076ab00000)
  object space 175104K, 0% used [0x00000006c0000000,0x00000006c0000000,0x00000006cab00000)
 Metaspace       used 3160K, capacity 4600K, committed 4864K, reserved 1056768K
  class space    used 340K, capacity 424K, committed 512K, reserved 1048576K

Card table byte_map: [0x0000000111974000,0x0000000112175000] byte_map_base: 0x000000010e374000

Marking Bits: (ParMarkBitMap*) 0x0000000110ef9e00
 Begin Bits: [0x00000001126cb000, 0x00000001166cb000)
 End Bits:   [0x00000001166cb000, 0x000000011a6cb000)

Polling page: 0x000000010f4ca000

CodeCache: size=245760Kb used=1100Kb max_used=1111Kb free=244659Kb
 bounds [0x000000011b654000, 0x000000011b8c4000, 0x000000012a654000]
 total_blobs=257 nmethods=23 adapters=157
 compilation: enabled

Compilation events (10 events):
Event: 0.180 Thread 0x00007fd9bf80b800 nmethod 17 0x000000011b765cd0 code [0x000000011b765e40, 0x000000011b766068]
Event: 0.180 Thread 0x00007fd9bf80b800   18       3       java.lang.String::<init> (82 bytes)
Event: 0.180 Thread 0x00007fd9bf80b800 nmethod 18 0x000000011b765290 code [0x000000011b765480, 0x000000011b7659b8]
Event: 0.180 Thread 0x00007fd9bf80b800   23       3       java.lang.System::getSecurityManager (4 bytes)
Event: 0.181 Thread 0x00007fd9bf80b800 nmethod 23 0x000000011b764f90 code [0x000000011b7650e0, 0x000000011b765230]
Event: 0.181 Thread 0x00007fd9bf80b800   12       3       java.lang.ThreadLocal$ThreadLocalMap::access$000 (6 bytes)
Event: 0.181 Thread 0x00007fd9bf80b800 nmethod 12 0x000000011b764bd0 code [0x000000011b764d40, 0x000000011b764ec8]
Event: 0.181 Thread 0x00007fd9bf80b800   22       1       java.net.URL::getQuery (5 bytes)
Event: 0.181 Thread 0x00007fd9bf80b800 nmethod 22 0x000000011b764910 code [0x000000011b764a60, 0x000000011b764b70]
Event: 0.183 Thread 0x00007fd9c2809000 nmethod 20 0x000000011b764450 code [0x000000011b7645a0, 0x000000011b764778]

GC Heap History (0 events):
No events

Deoptimization events (0 events):
No events

Classes redefined (4 events):
Event: 21.267 Thread 0x00007fd9be00a800 redefined class name=review._215, count=1
Event: 66.389 Thread 0x00007fd9be00a800 redefined class name=review._215, count=2
Event: 84.826 Thread 0x00007fd9be00a800 redefined class name=review._215, count=3
Event: 119.462 Thread 0x00007fd9be00a800 redefined class name=review._215, count=4

Internal exceptions (2 events):
Event: 0.037 Thread 0x00007fd9bf00a800 Exception <a 'java/lang/NoSuchMethodError': Method sun.misc.Unsafe.defineClass(Ljava/lang/String;[BII)Ljava/lang/Class; name or signature does not match> (0x000000076ab07cb0) thrown at [/Users/java_re/workspace/8-2-build-macosx-x86_64/jdk8u191/11896/hotsp
Event: 0.037 Thread 0x00007fd9bf00a800 Exception <a 'java/lang/NoSuchMethodError': Method sun.misc.Unsafe.prefetchRead(Ljava/lang/Object;J)V name or signature does not match> (0x000000076ab07f98) thrown at [/Users/java_re/workspace/8-2-build-macosx-x86_64/jdk8u191/11896/hotspot/src/share/vm/pr

Events (10 events):
Event: 84.951 Executing VM operation: GetOrSetLocal done
Event: 119.460 Executing VM operation: ChangeBreakpoints
Event: 119.460 Executing VM operation: ChangeBreakpoints done
Event: 119.461 Executing VM operation: RedefineClasses
Event: 119.462 Executing VM operation: RedefineClasses done
Event: 119.463 Executing VM operation: GetOrSetLocal
Event: 119.463 Executing VM operation: GetOrSetLocal done
Event: 119.469 Executing VM operation: ChangeBreakpoints
Event: 119.469 Executing VM operation: ChangeBreakpoints done
Event: 119.470 Executing VM operation: GetOrSetLocal


Dynamic libraries:
0x00007fff332ed000 	/System/Library/Frameworks/Cocoa.framework/Versions/A/Cocoa
0x00007fff40ae2000 	/System/Library/Frameworks/Security.framework/Versions/A/Security
0x00007fff32252000 	/System/Library/Frameworks/ApplicationServices.framework/Versions/A/ApplicationServices
0x00007fff6d79e000 	/usr/lib/libz.1.dylib
0x00007fff6b262000 	/usr/lib/libSystem.B.dylib
0x00007fff6d0c2000 	/usr/lib/libobjc.A.dylib
0x00007fff3418f000 	/System/Library/Frameworks/CoreFoundation.framework/Versions/A/CoreFoundation
0x00007fff3684c000 	/System/Library/Frameworks/Foundation.framework/Versions/C/Foundation
0x00007fff31442000 	/System/Library/Frameworks/AppKit.framework/Versions/C/AppKit
0x00007fff33c71000 	/System/Library/Frameworks/CoreData.framework/Versions/A/CoreData
0x00007fff65278000 	/System/Library/PrivateFrameworks/UIFoundation.framework/Versions/A/UIFoundation
0x00007fff6030c000 	/System/Library/PrivateFrameworks/RemoteViewServices.framework/Versions/A/RemoteViewServices
0x00007fff67dd2000 	/System/Library/PrivateFrameworks/XCTTargetBootstrap.framework/Versions/A/XCTTargetBootstrap
0x00007fff3405c000 	/System/Library/Frameworks/CoreDisplay.framework/Versions/A/CoreDisplay
0x00007fff39706000 	/System/Library/Frameworks/Metal.framework/Versions/A/Metal
0x00007fff4e2f9000 	/System/Library/PrivateFrameworks/DesktopServicesPriv.framework/Versions/A/DesktopServicesPriv
0x00007fff6c39d000 	/usr/lib/liblangid.dylib
0x00007fff4d58e000 	/System/Library/PrivateFrameworks/CoreSVG.framework/Versions/A/CoreSVG
0x00007fff63468000 	/System/Library/PrivateFrameworks/SkyLight.framework/Versions/A/SkyLight
0x00007fff34610000 	/System/Library/Frameworks/CoreGraphics.framework/Versions/A/CoreGraphics
0x00007fff2fe16000 	/System/Library/Frameworks/Accelerate.framework/Versions/A/Accelerate
0x00007fff6d68f000 	/usr/lib/libxml2.2.dylib
0x00007fff59297000 	/System/Library/PrivateFrameworks/IconServices.framework/Versions/A/IconServices
0x00007fff3702b000 	/System/Library/Frameworks/IOSurface.framework/Versions/A/IOSurface
0x00007fff6ad8c000 	/usr/lib/libDiagnosticMessagesClient.dylib
0x00007fff4e153000 	/System/Library/PrivateFrameworks/DFRFoundation.framework/Versions/A/DFRFoundation
0x00007fff6c12c000 	/usr/lib/libicucore.A.dylib
0x00007fff32584000 	/System/Library/Frameworks/AudioToolbox.framework/Versions/A/AudioToolbox
0x00007fff32667000 	/System/Library/Frameworks/AudioUnit.framework/Versions/A/AudioUnit
0x00007fff6b464000 	/usr/lib/libauto.dylib
0x00007fff4e1f5000 	/System/Library/PrivateFrameworks/DataDetectorsCore.framework/Versions/A/DataDetectorsCore
0x00007fff32e0e000 	/System/Library/Frameworks/Carbon.framework/Versions/A/Frameworks/HIToolbox.framework/Versions/A/HIToolbox
0x00007fff3fcde000 	/System/Library/Frameworks/QuartzCore.framework/Versions/A/QuartzCore
0x00007fff3314d000 	/System/Library/Frameworks/Carbon.framework/Versions/A/Frameworks/SpeechRecognition.framework/Versions/A/SpeechRecognition
0x00007fff4dc67000 	/System/Library/PrivateFrameworks/CoreUI.framework/Versions/A/CoreUI
0x00007fff336dc000 	/System/Library/Frameworks/CoreAudio.framework/Versions/A/CoreAudio
0x00007fff3650b000 	/System/Library/Frameworks/DiskArbitration.framework/Versions/A/DiskArbitration
0x00007fff5b2e7000 	/System/Library/PrivateFrameworks/MultitouchSupport.framework/Versions/A/MultitouchSupport
0x00007fff6bff3000 	/usr/lib/libenergytrace.dylib
0x00007fff36f85000 	/System/Library/Frameworks/IOKit.framework/Versions/A/IOKit
0x00007fff35577000 	/System/Library/Frameworks/CoreServices.framework/Versions/A/CoreServices
0x00007fff5d49f000 	/System/Library/PrivateFrameworks/PerformanceAnalysis.framework/Versions/A/PerformanceAnalysis
0x00007fff3ed11000 	/System/Library/Frameworks/OpenGL.framework/Versions/A/OpenGL
0x00007fff332fb000 	/System/Library/Frameworks/ColorSync.framework/Versions/A/ColorSync
0x00007fff34c93000 	/System/Library/Frameworks/CoreImage.framework/Versions/A/CoreImage
0x00007fff35fea000 	/System/Library/Frameworks/CoreText.framework/Versions/A/CoreText
0x00007fff370bb000 	/System/Library/Frameworks/ImageIO.framework/Versions/A/ImageIO
0x00007fff6b548000 	/usr/lib/libc++.1.dylib
0x00007fff6b5c4000 	/usr/lib/libcompression.dylib
0x00007fff6b0d0000 	/usr/lib/libMobileGestalt.dylib
0x00007fff64fe2000 	/System/Library/PrivateFrameworks/TextureIO.framework/Versions/A/TextureIO
0x00007fff6b3c7000 	/usr/lib/libate.dylib
0x00007fff594a0000 	/System/Library/PrivateFrameworks/InternationalSupport.framework/Versions/A/InternationalSupport
0x00007fff6e05f000 	/usr/lib/system/libcache.dylib
0x00007fff6e065000 	/usr/lib/system/libcommonCrypto.dylib
0x00007fff6e071000 	/usr/lib/system/libcompiler_rt.dylib
0x00007fff6e079000 	/usr/lib/system/libcopyfile.dylib
0x00007fff6e083000 	/usr/lib/system/libcorecrypto.dylib
0x00007fff6e222000 	/usr/lib/system/libdispatch.dylib
0x00007fff6e263000 	/usr/lib/system/libdyld.dylib
0x00007fff6e29a000 	/usr/lib/system/libkeymgr.dylib
0x00007fff6e2a8000 	/usr/lib/system/liblaunch.dylib
0x00007fff6e2a9000 	/usr/lib/system/libmacho.dylib
0x00007fff6e2af000 	/usr/lib/system/libquarantine.dylib
0x00007fff6e2b2000 	/usr/lib/system/libremovefile.dylib
0x00007fff6e2b4000 	/usr/lib/system/libsystem_asl.dylib
0x00007fff6e2cc000 	/usr/lib/system/libsystem_blocks.dylib
0x00007fff6e2cd000 	/usr/lib/system/libsystem_c.dylib
0x00007fff6e355000 	/usr/lib/system/libsystem_configuration.dylib
0x00007fff6e359000 	/usr/lib/system/libsystem_coreservices.dylib
0x00007fff6e35d000 	/usr/lib/system/libsystem_darwin.dylib
0x00007fff6e366000 	/usr/lib/system/libsystem_dnssd.dylib
0x00007fff6e36e000 	/usr/lib/system/libsystem_featureflags.dylib
0x00007fff6e370000 	/usr/lib/system/libsystem_info.dylib
0x00007fff6e3eb000 	/usr/lib/system/libsystem_m.dylib
0x00007fff6e433000 	/usr/lib/system/libsystem_malloc.dylib
0x00007fff6e45b000 	/usr/lib/system/libsystem_networkextension.dylib
0x00007fff6e469000 	/usr/lib/system/libsystem_notify.dylib
0x00007fff6e487000 	/usr/lib/system/libsystem_sandbox.dylib
0x00007fff6e48c000 	/usr/lib/system/libsystem_secinit.dylib
0x00007fff6e3be000 	/usr/lib/system/libsystem_kernel.dylib
0x00007fff6e473000 	/usr/lib/system/libsystem_platform.dylib
0x00007fff6e47c000 	/usr/lib/system/libsystem_pthread.dylib
0x00007fff6e48f000 	/usr/lib/system/libsystem_symptoms.dylib
0x00007fff6e497000 	/usr/lib/system/libsystem_trace.dylib
0x00007fff6e4af000 	/usr/lib/system/libunwind.dylib
0x00007fff6e4b5000 	/usr/lib/system/libxpc.dylib
0x00007fff6b59b000 	/usr/lib/libc++abi.dylib
0x00007fff6c39f000 	/usr/lib/liblzma.5.dylib
0x00007fff6c01a000 	/usr/lib/libfakelink.dylib
0x00007fff6b354000 	/usr/lib/libarchive.2.dylib
0x00007fff41b93000 	/System/Library/Frameworks/SystemConfiguration.framework/Versions/A/SystemConfiguration
0x00007fff6acbf000 	/usr/lib/libCRFSuite.dylib
0x00007fff329fe000 	/System/Library/Frameworks/CFNetwork.framework/Versions/A/CFNetwork
0x00007fff6b52a000 	/usr/lib/libbsm.0.dylib
0x00007fff6e29b000 	/usr/lib/system/libkxld.dylib
0x00007fff47ad0000 	/System/Library/PrivateFrameworks/AppleFSCompression.framework/Versions/A/AppleFSCompression
0x00007fff6b8b5000 	/usr/lib/libcoretls.dylib
0x00007fff6b8cc000 	/usr/lib/libcoretls_cfhelpers.dylib
0x00007fff6d108000 	/usr/lib/libpam.2.dylib
0x00007fff6d23d000 	/usr/lib/libsqlite3.dylib
0x00007fff6d67c000 	/usr/lib/libxar.1.dylib
0x00007fff6b53b000 	/usr/lib/libbz2.1.0.dylib
0x00007fff6c03b000 	/usr/lib/libiconv.2.dylib
0x00007fff6b5b1000 	/usr/lib/libcharset.1.dylib
0x00007fff6cba5000 	/usr/lib/libnetwork.dylib
0x00007fff6d10f000 	/usr/lib/libpcap.A.dylib
0x00007fff6b309000 	/usr/lib/libapple_nghttp2.dylib
0x00007fff3592e000 	/System/Library/Frameworks/CoreServices.framework/Versions/A/Frameworks/FSEvents.framework/Versions/A/FSEvents
0x00007fff355fe000 	/System/Library/Frameworks/CoreServices.framework/Versions/A/Frameworks/CarbonCore.framework/Versions/A/CarbonCore
0x00007fff35b72000 	/System/Library/Frameworks/CoreServices.framework/Versions/A/Frameworks/Metadata.framework/Versions/A/Metadata
0x00007fff35c0b000 	/System/Library/Frameworks/CoreServices.framework/Versions/A/Frameworks/OSServices.framework/Versions/A/OSServices
0x00007fff35c39000 	/System/Library/Frameworks/CoreServices.framework/Versions/A/Frameworks/SearchKit.framework/Versions/A/SearchKit
0x00007fff35578000 	/System/Library/Frameworks/CoreServices.framework/Versions/A/Frameworks/AE.framework/Versions/A/AE
0x00007fff35937000 	/System/Library/Frameworks/CoreServices.framework/Versions/A/Frameworks/LaunchServices.framework/Versions/A/LaunchServices
0x00007fff358e0000 	/System/Library/Frameworks/CoreServices.framework/Versions/A/Frameworks/DictionaryServices.framework/Versions/A/DictionaryServices
0x00007fff35ca1000 	/System/Library/Frameworks/CoreServices.framework/Versions/A/Frameworks/SharedFileList.framework/Versions/A/SharedFileList
0x00007fff3ab30000 	/System/Library/Frameworks/NetFS.framework/Versions/A/NetFS
0x00007fff5b817000 	/System/Library/PrivateFrameworks/NetAuth.framework/Versions/A/NetAuth
0x00007fff6819f000 	/System/Library/PrivateFrameworks/login.framework/Versions/A/Frameworks/loginsupport.framework/Versions/A/loginsupport
0x00007fff64aad000 	/System/Library/PrivateFrameworks/TCC.framework/Versions/A/TCC
0x00007fff4c701000 	/System/Library/PrivateFrameworks/CoreNLP.framework/Versions/A/CoreNLP
0x00007fff5ad14000 	/System/Library/PrivateFrameworks/MetadataUtilities.framework/Versions/A/MetadataUtilities
0x00007fff6c477000 	/usr/lib/libmecabra.dylib
0x00007fff6c3cf000 	/usr/lib/libmecab.dylib
0x00007fff6c02b000 	/usr/lib/libgermantok.dylib
0x00007fff6b2f0000 	/usr/lib/libThaiTokenizer.dylib
0x00007fff6acf6000 	/usr/lib/libChineseTokenizer.dylib
0x00007fff2fe2e000 	/System/Library/Frameworks/Accelerate.framework/Versions/A/Frameworks/vImage.framework/Versions/A/vImage
0x00007fff31298000 	/System/Library/Frameworks/Accelerate.framework/Versions/A/Frameworks/vecLib.framework/Versions/A/vecLib
0x00007fff311d5000 	/System/Library/Frameworks/Accelerate.framework/Versions/A/Frameworks/vecLib.framework/Versions/A/libvMisc.dylib
0x00007fff30ffd000 	/System/Library/Frameworks/Accelerate.framework/Versions/A/Frameworks/vecLib.framework/Versions/A/libvDSP.dylib
0x00007fff30485000 	/System/Library/Frameworks/Accelerate.framework/Versions/A/Frameworks/vecLib.framework/Versions/A/libBLAS.dylib
0x00007fff30bc1000 	/System/Library/Frameworks/Accelerate.framework/Versions/A/Frameworks/vecLib.framework/Versions/A/libLAPACK.dylib
0x00007fff30f5d000 	/System/Library/Frameworks/Accelerate.framework/Versions/A/Frameworks/vecLib.framework/Versions/A/libLinearAlgebra.dylib
0x00007fff30fea000 	/System/Library/Frameworks/Accelerate.framework/Versions/A/Frameworks/vecLib.framework/Versions/A/libSparseBLAS.dylib
0x00007fff30f73000 	/System/Library/Frameworks/Accelerate.framework/Versions/A/Frameworks/vecLib.framework/Versions/A/libQuadrature.dylib
0x00007fff306ed000 	/System/Library/Frameworks/Accelerate.framework/Versions/A/Frameworks/vecLib.framework/Versions/A/libBNNS.dylib
0x00007fff30f79000 	/System/Library/Frameworks/Accelerate.framework/Versions/A/Frameworks/vecLib.framework/Versions/A/libSparse.dylib
0x00007fff59888000 	/System/Library/PrivateFrameworks/LanguageModeling.framework/Versions/A/LanguageModeling
0x00007fff4c0b1000 	/System/Library/PrivateFrameworks/CoreEmoji.framework/Versions/A/CoreEmoji
0x00007fff599a6000 	/System/Library/PrivateFrameworks/LinguisticData.framework/Versions/A/LinguisticData
0x00007fff59957000 	/System/Library/PrivateFrameworks/Lexicon.framework/Versions/A/Lexicon
0x00007fff6b5b2000 	/usr/lib/libcmph.dylib
0x00007fff3d71f000 	/System/Library/Frameworks/OpenDirectory.framework/Versions/A/Frameworks/CFOpenDirectory.framework/Versions/A/CFOpenDirectory
0x00007fff3d73c000 	/System/Library/Frameworks/OpenDirectory.framework/Versions/A/OpenDirectory
0x00007fff45b7d000 	/System/Library/PrivateFrameworks/APFS.framework/Versions/A/APFS
0x00007fff40e2c000 	/System/Library/Frameworks/SecurityFoundation.framework/Versions/A/SecurityFoundation
0x00007fff6d678000 	/usr/lib/libutil.dylib
0x00007fff4d5e6000 	/System/Library/PrivateFrameworks/CoreServicesStore.framework/Versions/A/CoreServicesStore
0x00007fff40ee3000 	/System/Library/Frameworks/ServiceManagement.framework/Versions/A/ServiceManagement
0x00007fff492a0000 	/System/Library/PrivateFrameworks/BackgroundTaskManagement.framework/Versions/A/BackgroundTaskManagement
0x00007fff6d775000 	/usr/lib/libxslt.1.dylib
0x00007fff48143000 	/System/Library/PrivateFrameworks/AppleSystemInfo.framework/Versions/A/AppleSystemInfo
0x00007fff372d6000 	/System/Library/Frameworks/ImageIO.framework/Versions/A/Resources/libJPEG.dylib
0x00007fff37594000 	/System/Library/Frameworks/ImageIO.framework/Versions/A/Resources/libTIFF.dylib
0x00007fff37577000 	/System/Library/Frameworks/ImageIO.framework/Versions/A/Resources/libPng.dylib
0x00007fff37218000 	/System/Library/Frameworks/ImageIO.framework/Versions/A/Resources/libGIF.dylib
0x00007fff3721c000 	/System/Library/Frameworks/ImageIO.framework/Versions/A/Resources/libJP2.dylib
0x00007fff37592000 	/System/Library/Frameworks/ImageIO.framework/Versions/A/Resources/libRadiance.dylib
0x00007fff6bff4000 	/usr/lib/libexpat.1.dylib
0x00007fff47c2b000 	/System/Library/PrivateFrameworks/AppleJPEG.framework/Versions/A/AppleJPEG
0x00007fff508fc000 	/System/Library/PrivateFrameworks/FontServices.framework/libFontParser.dylib
0x00007fff671a1000 	/System/Library/PrivateFrameworks/WatchdogClient.framework/Versions/A/WatchdogClient
0x00007fff58ee3000 	/System/Library/PrivateFrameworks/IOAccelerator.framework/Versions/A/IOAccelerator
0x00007fff39aa1000 	/System/Library/Frameworks/MetalPerformanceShaders.framework/Versions/A/MetalPerformanceShaders
0x00007fff55679000 	/System/Library/PrivateFrameworks/GPUWrangler.framework/Versions/A/GPUWrangler
0x00007fff58ef8000 	/System/Library/PrivateFrameworks/IOPresentment.framework/Versions/A/IOPresentment
0x00007fff4e166000 	/System/Library/PrivateFrameworks/DSExternalDisplay.framework/Versions/A/DSExternalDisplay
0x00007fff3e0b0000 	/System/Library/Frameworks/OpenGL.framework/Versions/A/Libraries/libCoreFSCache.dylib
0x00007fff397ed000 	/System/Library/Frameworks/MetalPerformanceShaders.framework/Frameworks/MPSCore.framework/Versions/A/MPSCore
0x00007fff3982b000 	/System/Library/Frameworks/MetalPerformanceShaders.framework/Frameworks/MPSImage.framework/Versions/A/MPSImage
0x00007fff398f2000 	/System/Library/Frameworks/MetalPerformanceShaders.framework/Frameworks/MPSNeuralNetwork.framework/Versions/A/MPSNeuralNetwork
0x00007fff398b6000 	/System/Library/Frameworks/MetalPerformanceShaders.framework/Frameworks/MPSMatrix.framework/Versions/A/MPSMatrix
0x00007fff39a51000 	/System/Library/Frameworks/MetalPerformanceShaders.framework/Frameworks/MPSRayIntersector.framework/Versions/A/MPSRayIntersector
0x00007fff398dc000 	/System/Library/Frameworks/MetalPerformanceShaders.framework/Frameworks/MPSNDArray.framework/Versions/A/MPSNDArray
0x00007fff5ad61000 	/System/Library/PrivateFrameworks/MetalTools.framework/Versions/A/MetalTools
0x00007fff46d57000 	/System/Library/PrivateFrameworks/AggregateDictionary.framework/Versions/A/AggregateDictionary
0x00007fff4baf9000 	/System/Library/PrivateFrameworks/CoreAnalytics.framework/Versions/A/CoreAnalytics
0x00007fff48062000 	/System/Library/PrivateFrameworks/AppleSauce.framework/Versions/A/AppleSauce
0x00007fff6afb2000 	/usr/lib/libIOReport.dylib
0x00007fff361a2000 	/System/Library/Frameworks/CoreVideo.framework/Versions/A/CoreVideo
0x00007fff56af2000 	/System/Library/PrivateFrameworks/GraphVisualizer.framework/Versions/A/GraphVisualizer
0x00007fff4fe42000 	/System/Library/PrivateFrameworks/FaceCore.framework/Versions/A/FaceCore
0x00007fff3d6c6000 	/System/Library/Frameworks/OpenCL.framework/Versions/A/OpenCL
0x00007fff6add4000 	/usr/lib/libFosl_dynamic.dylib
0x00007fff5c237000 	/System/Library/PrivateFrameworks/OTSVG.framework/Versions/A/OTSVG
0x00007fff32357000 	/System/Library/Frameworks/ApplicationServices.framework/Versions/A/Frameworks/ATS.framework/Versions/A/Resources/libFontRegistry.dylib
0x00007fff50acd000 	/System/Library/PrivateFrameworks/FontServices.framework/libhvf.dylib
0x00007fff3e0bb000 	/System/Library/Frameworks/OpenGL.framework/Versions/A/Libraries/libGFXShared.dylib
0x00007fff3e299000 	/System/Library/Frameworks/OpenGL.framework/Versions/A/Libraries/libGLU.dylib
0x00007fff3e0c4000 	/System/Library/Frameworks/OpenGL.framework/Versions/A/Libraries/libGL.dylib
0x00007fff3e0cf000 	/System/Library/Frameworks/OpenGL.framework/Versions/A/Libraries/libGLImage.dylib
0x00007fff3e0ad000 	/System/Library/Frameworks/OpenGL.framework/Versions/A/Libraries/libCVMSPluginSupport.dylib
0x00007fff3e0b6000 	/System/Library/Frameworks/OpenGL.framework/Versions/A/Libraries/libCoreVMClient.dylib
0x00007fff6ca46000 	/usr/lib/libncurses.5.4.dylib
0x00007fff32253000 	/System/Library/Frameworks/ApplicationServices.framework/Versions/A/Frameworks/ATS.framework/Versions/A/ATS
0x00007fff32420000 	/System/Library/Frameworks/ApplicationServices.framework/Versions/A/Frameworks/ColorSyncLegacy.framework/Versions/A/ColorSyncLegacy
0x00007fff324be000 	/System/Library/Frameworks/ApplicationServices.framework/Versions/A/Frameworks/HIServices.framework/Versions/A/HIServices
0x00007fff32516000 	/System/Library/Frameworks/ApplicationServices.framework/Versions/A/Frameworks/LangAnalysis.framework/Versions/A/LangAnalysis
0x00007fff32525000 	/System/Library/Frameworks/ApplicationServices.framework/Versions/A/Frameworks/PrintCore.framework/Versions/A/PrintCore
0x00007fff3256b000 	/System/Library/Frameworks/ApplicationServices.framework/Versions/A/Frameworks/QD.framework/Versions/A/QD
0x00007fff32576000 	/System/Library/Frameworks/ApplicationServices.framework/Versions/A/Frameworks/SpeechSynthesis.framework/Versions/A/SpeechSynthesis
0x00007fff323f0000 	/System/Library/Frameworks/ApplicationServices.framework/Versions/A/Frameworks/ATSUI.framework/Versions/A/ATSUI
0x00007fff6be8a000 	/usr/lib/libcups.2.dylib
0x00007fff38b3c000 	/System/Library/Frameworks/Kerberos.framework/Versions/A/Kerberos
0x00007fff36c7e000 	/System/Library/Frameworks/GSS.framework/Versions/A/GSS
0x00007fff6d1c9000 	/usr/lib/libresolv.9.dylib
0x00007fff56c9f000 	/System/Library/PrivateFrameworks/Heimdal.framework/Versions/A/Heimdal
0x00007fff38b4f000 	/System/Library/Frameworks/Kerberos.framework/Versions/A/Libraries/libHeimdalProxy.dylib
0x00007fff6c031000 	/usr/lib/libheimdal-asn1.dylib
0x00007fff4af91000 	/System/Library/PrivateFrameworks/CommonAuth.framework/Versions/A/CommonAuth
0x00007fff481e0000 	/System/Library/PrivateFrameworks/AssertionServices.framework/Versions/A/AssertionServices
0x00007fff48d83000 	/System/Library/PrivateFrameworks/AudioToolboxCore.framework/Versions/A/AudioToolboxCore
0x00007fff67e4f000 	/System/Library/PrivateFrameworks/caulk.framework/Versions/A/caulk
0x00007fff4934c000 	/System/Library/PrivateFrameworks/BaseBoard.framework/Versions/A/BaseBoard
0x00007fff6049a000 	/System/Library/PrivateFrameworks/RunningBoardServices.framework/Versions/A/RunningBoardServices
0x00007fff5d4ab000 	/System/Library/PrivateFrameworks/PersistentConnection.framework/Versions/A/PersistentConnection
0x00007fff5fe93000 	/System/Library/PrivateFrameworks/ProtocolBuffer.framework/Versions/A/ProtocolBuffer
0x00007fff4afb5000 	/System/Library/PrivateFrameworks/CommonUtilities.framework/Versions/A/CommonUtilities
0x00007fff494da000 	/System/Library/PrivateFrameworks/Bom.framework/Versions/A/Bom
0x00007fff6ac85000 	/usr/lib/libAudioToolboxUtility.dylib
0x00007fff492aa000 	/System/Library/PrivateFrameworks/Backup.framework/Versions/A/Backup
0x00007fff4e087000 	/System/Library/PrivateFrameworks/CrashReporterSupport.framework/Versions/A/CrashReporterSupport
0x00007fff61f2c000 	/System/Library/PrivateFrameworks/Sharing.framework/Versions/A/Sharing
0x00007fff477ee000 	/System/Library/PrivateFrameworks/Apple80211.framework/Versions/A/Apple80211
0x00007fff48fc7000 	/System/Library/PrivateFrameworks/AuthKit.framework/Versions/A/AuthKit
0x00007fff4dd94000 	/System/Library/PrivateFrameworks/CoreUtils.framework/Versions/A/CoreUtils
0x00007fff361e7000 	/System/Library/Frameworks/CoreWLAN.framework/Versions/A/CoreWLAN
0x00007fff36e0b000 	/System/Library/Frameworks/IOBluetooth.framework/Versions/A/IOBluetooth
0x00007fff5b066000 	/System/Library/PrivateFrameworks/MobileKeyBag.framework/Versions/A/MobileKeyBag
0x00007fff4cb99000 	/System/Library/PrivateFrameworks/CorePhoneNumbers.framework/Versions/A/CorePhoneNumbers
0x00007fff47bde000 	/System/Library/PrivateFrameworks/AppleIDAuthSupport.framework/Versions/A/AppleIDAuthSupport
0x00007fff3ab3d000 	/System/Library/Frameworks/Network.framework/Versions/A/Network
0x00007fff59734000 	/System/Library/PrivateFrameworks/KeychainCircle.framework/Versions/A/KeychainCircle
0x00007fff33c38000 	/System/Library/Frameworks/CoreBluetooth.framework/Versions/A/CoreBluetooth
0x00007fff63fab000 	/System/Library/PrivateFrameworks/SpeechRecognitionCore.framework/Versions/A/SpeechRecognitionCore
0x00007fff2725a000 	/System/Library/CoreServices/Encodings/libSimplifiedChineseConverter.dylib
0x0000000110600000 	/Library/Java/JavaVirtualMachines/jdk1.8.0_191.jdk/Contents/Home/jre/lib/server/libjvm.dylib
0x00007fff6d54b000 	/usr/lib/libstdc++.6.dylib
0x000000010f486000 	/Library/Java/JavaVirtualMachines/jdk1.8.0_191.jdk/Contents/Home/jre/lib/libverify.dylib
0x000000010f494000 	/Library/Java/JavaVirtualMachines/jdk1.8.0_191.jdk/Contents/Home/jre/lib/libjava.dylib
0x000000010f4cb000 	/Library/Java/JavaVirtualMachines/jdk1.8.0_191.jdk/Contents/Home/jre/lib/libjdwp.dylib
0x000000010f516000 	/Library/Java/JavaVirtualMachines/jdk1.8.0_191.jdk/Contents/Home/jre/lib/libnpt.dylib
0x000000010f51a000 	/Library/Java/JavaVirtualMachines/jdk1.8.0_191.jdk/Contents/Home/jre/lib/libinstrument.dylib
0x000000010f586000 	/Library/Java/JavaVirtualMachines/jdk1.8.0_191.jdk/Contents/Home/jre/lib/libzip.dylib
0x000000010f5ef000 	/Library/Java/JavaVirtualMachines/jdk1.8.0_191.jdk/Contents/Home/jre/lib/libdt_socket.dylib

VM Arguments:
jvm_args: -agentlib:jdwp=transport=dt_socket,address=127.0.0.1:62743,suspend=y,server=n -javaagent:/Users/xihe/Library/Caches/IntelliJIdea2018.2/captureAgent/debugger-agent.jar=file:/private/var/folders/hp/v7z2fds108b08jhf21g14msr0000gp/T/capture.props -Dfile.encoding=UTF-8 
java_command: review._215
java_class_path (initial): /Library/Java/JavaVirtualMachines/jdk1.8.0_191.jdk/Contents/Home/jre/lib/charsets.jar:/Library/Java/JavaVirtualMachines/jdk1.8.0_191.jdk/Contents/Home/jre/lib/deploy.jar:/Library/Java/JavaVirtualMachines/jdk1.8.0_191.jdk/Contents/Home/jre/lib/ext/cldrdata.jar:/Library/Java/JavaVirtualMachines/jdk1.8.0_191.jdk/Contents/Home/jre/lib/ext/dnsns.jar:/Library/Java/JavaVirtualMachines/jdk1.8.0_191.jdk/Contents/Home/jre/lib/ext/jaccess.jar:/Library/Java/JavaVirtualMachines/jdk1.8.0_191.jdk/Contents/Home/jre/lib/ext/jfxrt.jar:/Library/Java/JavaVirtualMachines/jdk1.8.0_191.jdk/Contents/Home/jre/lib/ext/localedata.jar:/Library/Java/JavaVirtualMachines/jdk1.8.0_191.jdk/Contents/Home/jre/lib/ext/nashorn.jar:/Library/Java/JavaVirtualMachines/jdk1.8.0_191.jdk/Contents/Home/jre/lib/ext/sunec.jar:/Library/Java/JavaVirtualMachines/jdk1.8.0_191.jdk/Contents/Home/jre/lib/ext/sunjce_provider.jar:/Library/Java/JavaVirtualMachines/jdk1.8.0_191.jdk/Contents/Home/jre/lib/ext/sunpkcs11.jar:/Library/Java/JavaVirtualMachines/jdk1.8.0_191.jdk/Contents/Home/jre/lib/ext/zipfs.jar:/Library/Java/JavaVirtualMachines/jdk1.8.0_191.jdk/Contents/Home/jre/lib/javaws.jar:/Library/Java/JavaVirtualMachines/jdk1.8.0_191.jdk/Contents/Home/jre/lib/jce.jar:/Library/Java/JavaVirtualMachines/jdk1.8.0_191.jdk/Contents/Home/jre/lib/jfr.jar:/Library/Java/JavaVirtualMachines/jdk1.8.0_191.jdk/Contents/Home/jre/lib/jfxswt.jar:/Library/Java/JavaVirtualMachines/jdk1.8.0_191.jdk/Contents/Home/jre/lib/jsse.jar:/Library/Java/JavaVirtualMachines/jdk1.8.0_191.jdk/Contents/Home/jre/lib/management-agent.jar:/Library/Java/JavaVirtualMachines/jdk1.8.0_191.jdk/Contents/Home/jre/lib/plugin.jar:/Library/Java/JavaVirtualMachines/jdk1.8.0_191.jdk/Contents/Home/jre/lib/resources.jar:/Library/Java/JavaVirtualMachines/jdk1.8.0_191.jdk/Contents/Home/jre/lib/rt.jar:/Library/Java/JavaVirtualMachines/jdk1.8.0_191.jdk/Contents/Home/lib/ant-javafx.jar:/Library/Java/JavaVirtualMachines/jdk1.8.0_191.jdk/Contents/Home
Launcher Type: SUN_STANDARD

Environment Variables:
PATH=/usr/local/bin:/usr/bin:/bin:/usr/sbin:/sbin:/Library/Apple/usr/bin:/Library/Frameworks/Mono.framework/Versions/Current/Commands:/usr/local/mysql/bin
SHELL=/bin/zsh

Signal Handlers:
SIGSEGV: [libjvm.dylib+0x5b5de9], sa_mask[0]=11111111011111110111111111111111, sa_flags=SA_ONSTACK|SA_RESTART|SA_SIGINFO
SIGBUS: [libjvm.dylib+0x5b5de9], sa_mask[0]=11111111011111110111111111111111, sa_flags=SA_RESTART|SA_SIGINFO
SIGFPE: [libjvm.dylib+0x48b6b0], sa_mask[0]=11111111011111110111111111111111, sa_flags=SA_RESTART|SA_SIGINFO
SIGPIPE: [libjvm.dylib+0x48b6b0], sa_mask[0]=11111111011111110111111111111111, sa_flags=SA_RESTART|SA_SIGINFO
SIGXFSZ: [libjvm.dylib+0x48b6b0], sa_mask[0]=11111111011111110111111111111111, sa_flags=SA_RESTART|SA_SIGINFO
SIGILL: [libjvm.dylib+0x48b6b0], sa_mask[0]=11111111011111110111111111111111, sa_flags=SA_RESTART|SA_SIGINFO
SIGUSR1: SIG_DFL, sa_mask[0]=00000000000000000000000000000000, sa_flags=none
SIGUSR2: [libjvm.dylib+0x48b1ce], sa_mask[0]=00100000000000000000000000000000, sa_flags=SA_RESTART|SA_SIGINFO
SIGHUP: [libjvm.dylib+0x489759], sa_mask[0]=11111111011111110111111111111111, sa_flags=SA_RESTART|SA_SIGINFO
SIGINT: [libjvm.dylib+0x489759], sa_mask[0]=11111111011111110111111111111111, sa_flags=SA_RESTART|SA_SIGINFO
SIGTERM: [libjvm.dylib+0x489759], sa_mask[0]=11111111011111110111111111111111, sa_flags=SA_RESTART|SA_SIGINFO
SIGQUIT: [libjvm.dylib+0x489759], sa_mask[0]=11111111011111110111111111111111, sa_flags=SA_RESTART|SA_SIGINFO


---------------  S Y S T E M  ---------------

OS:Bsduname:Darwin 19.6.0 Darwin Kernel Version 19.6.0: Thu Jun 18 20:49:00 PDT 2020; root:xnu-6153.141.1~1/RELEASE_X86_64 x86_64
rlimit: STACK 8192k, CORE 0k, NPROC 2784, NOFILE 10240, AS infinity
load average:3.20 2.74 2.33

CPU:total 8 (initial active 8) (4 cores per cpu, 2 threads per core) family 6 model 158 stepping 9, cmov, cx8, fxsr, mmx, sse, sse2, sse3, ssse3, sse4.1, sse4.2, popcnt, avx, avx2, aes, clmul, erms, 3dnowpref, lzcnt, ht, tsc, tscinvbit, bmi1, bmi2, adx

Memory: 4k page, physical 16777216k(3735068k free)

/proc/meminfo:


vm_info: Java HotSpot(TM) 64-Bit Server VM (25.191-b12) for bsd-amd64 JRE (1.8.0_191-b12), built on Oct  6 2018 08:37:07 by "java_re" with gcc 4.2.1 (Based on Apple Inc. build 5658) (LLVM build 2336.11.00)

time: Mon Aug 31 13:10:48 2020
elapsed time: 119 seconds (0d 0h 1m 59s)

